Microsoft HTML Help Compiler 4.74.8702

Compiling c:\Users\Harry\DOCUME~1\VISUAL~2\Projects\TMC\Help\tmc_help_tmphhp\tmc_help.chm

GettingStarted.html
ContactingUs.html
IntroducingYourProduct.html
FileMenu.html
nuevo.html
abrir.html
guardar.html
general.html
propiedades-fisicas.html
popiedades-de-produccion.html
propiedades-termo-mecanicas.html
generaal.html
propiedades-fisicas2.html
propiedades-de-produccion2.html
propiedades-termo-mecanicas2.html
eliminar.html
grado-ph.html
tipo-formato.html
degradado.html
ventanas.html
crear-nueva-tecnologia.html
simulacion.html
explorarcion.html
datos-tecnicos.html
maquina.html
cam.html
calcular.html
determinar.html
calcular2.html
evaluar.html
propiedades.html
curvas.html
hornos.html
FAQ.html
HowToBuy.html
bienvenido.html
tmc_help.hhc
tmc_help.hhk
GettingStartedb1.PNG
bienvenidob1.PNG
hm.css

Compile time: 0 minutes, 1 second
38	Topics
190	Local links
0	Internet links
2	Graphics


Created c:\Users\Harry\DOCUME~1\VISUAL~2\Projects\TMC\Help\tmc_help_tmphhp\tmc_help.chm, 31,809 bytes
Compression decreased file by 72,403 bytes.
